<?xml version="1.0" encoding="UTF-8" ?>
<testsuite tests="13" failures="0" name="runner.TestRunner" time="0.002" errors="0" skipped="0">
  <properties>
    <property name="java.runtime.name" value="Java(TM) SE Runtime Environment"/>
    <property name="cucumber.options" value="--tags @add"/>
    <property name="java.vm.version" value="11.0.4+10-LTS"/>
    <property name="sun.boot.library.path" value="/Library/Java/JavaVirtualMachines/jdk-11.0.4.jdk/Contents/Home/lib"/>
    <property name="gopherProxySet" value="false"/>
    <property name="maven.multiModuleProjectDirectory" value="/Users/gopinathbhargavvurakaranam/git/Rest-API"/>
    <property name="java.vm.vendor" value="Oracle Corporation"/>
    <property name="java.vendor.url" value="http://java.oracle.com/"/>
    <property name="guice.disable.misplaced.annotation.check" value="true"/>
    <property name="path.separator" value=":"/>
    <property name="java.vm.name" value="Java HotSpot(TM) 64-Bit Server VM"/>
    <property name="sun.os.patch.level" value="unknown"/>
    <property name="user.country" value="IN"/>
    <property name="sun.java.launcher" value="SUN_STANDARD"/>
    <property name="java.vm.specification.name" value="Java Virtual Machine Specification"/>
    <property name="user.dir" value="/Users/gopinathbhargavvurakaranam/git/Rest-API"/>
    <property name="java.vm.compressedOopsMode" value="Zero based"/>
    <property name="java.runtime.version" value="11.0.4+10-LTS"/>
    <property name="java.awt.graphicsenv" value="sun.awt.CGraphicsEnvironment"/>
    <property name="os.arch" value="x86_64"/>
    <property name="java.io.tmpdir" value="/var/folders/c4/lqgwqhtd72j26j4w40zn6s600000gn/T/"/>
    <property name="line.separator" value="
"/>
    <property name="java.vm.specification.vendor" value="Oracle Corporation"/>
    <property name="os.name" value="Mac OS X"/>
    <property name="classworlds.conf" value="/Users/gopinathbhargavvurakaranam/Applications/apache-maven-3.6.2/bin/m2.conf"/>
    <property name="sun.jnu.encoding" value="UTF-8"/>
    <property name="java.library.path" value="/Users/gopinathbhargavvurakaranam/Library/Java/Extensions:/Library/Java/Extensions:/Network/Library/Java/Extensions:/System/Library/Java/Extensions:/usr/lib/java:."/>
    <property name="maven.conf" value="/Users/gopinathbhargavvurakaranam/Applications/apache-maven-3.6.2/conf"/>
    <property name="jdk.debug" value="release"/>
    <property name="java.class.version" value="55.0"/>
    <property name="java.specification.name" value="Java Platform API Specification"/>
    <property name="sun.management.compiler" value="HotSpot 64-Bit Tiered Compilers"/>
    <property name="os.version" value="10.15.4"/>
    <property name="library.jansi.path" value="/Users/gopinathbhargavvurakaranam/Applications/apache-maven-3.6.2/lib/jansi-native"/>
    <property name="http.nonProxyHosts" value="local|*.local|169.254/16|*.169.254/16"/>
    <property name="user.home" value="/Users/gopinathbhargavvurakaranam"/>
    <property name="user.timezone" value="Asia/Dubai"/>
    <property name="java.awt.printerjob" value="sun.lwawt.macosx.CPrinterJob"/>
    <property name="file.encoding" value="UTF-8"/>
    <property name="java.specification.version" value="11"/>
    <property name="user.name" value="gopinathbhargavvurakaranam"/>
    <property name="java.class.path" value="/Users/gopinathbhargavvurakaranam/Applications/apache-maven-3.6.2/boot/plexus-classworlds-2.6.0.jar"/>
    <property name="java.vm.specification.version" value="11"/>
    <property name="sun.arch.data.model" value="64"/>
    <property name="sun.java.command" value="org.codehaus.plexus.classworlds.launcher.Launcher test verify -Dcucumber.options=--tags @add"/>
    <property name="java.home" value="/Library/Java/JavaVirtualMachines/jdk-11.0.4.jdk/Contents/Home"/>
    <property name="user.language" value="en"/>
    <property name="java.specification.vendor" value="Oracle Corporation"/>
    <property name="awt.toolkit" value="sun.lwawt.macosx.LWCToolkit"/>
    <property name="java.vm.info" value="mixed mode"/>
    <property name="java.version" value="11.0.4"/>
    <property name="java.vendor" value="Oracle Corporation"/>
    <property name="maven.home" value="/Users/gopinathbhargavvurakaranam/Applications/apache-maven-3.6.2"/>
    <property name="file.separator" value="/"/>
    <property name="java.version.date" value="2019-07-16"/>
    <property name="java.vendor.url.bug" value="http://bugreport.java.com/bugreport/"/>
    <property name="sun.io.unicode.encoding" value="UnicodeBig"/>
    <property name="sun.cpu.endian" value="little"/>
    <property name="java.vendor.version" value="18.9"/>
    <property name="socksNonProxyHosts" value="local|*.local|169.254/16|*.169.254/16"/>
    <property name="ftp.nonProxyHosts" value="local|*.local|169.254/16|*.169.254/16"/>
    <property name="sun.cpu.isalist" value=""/>
  </properties>
  <testcase classname="Scenario: Adding a place and verifying it" name="Given the environment URL" time="0.001"/>
  <testcase classname="Scenario: Adding a place and verifying it" name="When header values are passed" time="0"/>
  <testcase classname="Scenario: Adding a place and verifying it" name="And query parameters are passed" time="0"/>
  <testcase classname="Scenario: Adding a place and verifying it" name="And payload is passed with the expected values" time="0"/>
  <testcase classname="Scenario: Adding a place and verifying it" name="And pass the &quot;post&quot; resource name" time="0"/>
  <testcase classname="Scenario: Adding a place and verifying it" name="Then validate the status as &quot;200&quot;" time="0"/>
  <testcase classname="Scenario: Adding a place and verifying it" name="And retrieve the &quot;place_id&quot; value" time="0"/>
  <testcase classname="Scenario: Adding a place and verifying it" name="Given the environment URL" time="0"/>
  <testcase classname="Scenario: Adding a place and verifying it" name="And query parameters are passed" time="0"/>
  <testcase classname="Scenario: Adding a place and verifying it" name="And pass the &quot;get&quot; resource name passed" time="0"/>
  <testcase classname="Scenario: Adding a place and verifying it" name="Then validate the status as &quot;200&quot;" time="0"/>
  <testcase classname="Scenario: Adding a place and verifying it" name="And verify name in post and get are same" time="0"/>
  <testcase classname="Scenario: Adding a place and verifying it" name="Scenario: Adding a place and verifying it" time="0.001"/>
</testsuite>